<?xml version="1.0" encoding="UTF-8"?>
<testsuite xmlns:xsi="http://www.w3.org/2001/XMLSchema-instance" xsi:noNamespaceSchemaLocation="https://maven.apache.org/surefire/maven-surefire-plugin/xsd/surefire-test-report.xsd" name="TestSuite" time="178.233" tests="2" errors="0" skipped="0" failures="1">
  <properties>
[...]
</properties>
  <testcase name="testShopCase01" classname="com.shucai.app.cases.ShopCase" time="46.067"/>
  <testcase name="testShopCase02" classname="com.shucai.app.cases.ShopCase" time="112.175">
    <failure message="expected [1] but found [1]" type="java.lang.AssertionError">java.lang.AssertionError: expected [1] but found [1]
	at com.shucai.app.cases.ShopCase.testShopCase02(ShopCase.java:76)
</failure>
    <system-out><![CDATA[2023-03-05 20:27:22 INFO  BasePage:46 - 元素定位信息：By.id: me.ele:id/search
2023-03-05 20:28:36 INFO  BasePage:46 - 元素定位信息：By.id: me.ele:id/editor
2023-03-05 20:28:41 INFO  BasePage:46 - 元素定位信息：By.xpath: //*[@text='搜索']
2023-03-05 20:28:44 INFO  BasePage:36 - 元素定位信息：By.xpath: //android.view.ViewGroup
2023-03-05 20:29:06 INFO  BasePage:46 - 元素定位信息：By.AccessibilityId: 增加，按钮
2023-03-05 20:29:08 INFO  BasePage:46 - 元素定位信息：By.id: me.ele:id/cart_icon_view
2023-03-05 20:29:10 INFO  BasePage:36 - 元素定位信息：By.id: me.ele:id/quantity
]]></system-out>
  </testcase>
</testsuite>